<?xml version="1.0" encoding="UTF-8"?>
<!-- Generated by org.testng.reporters.JUnitReportReporter -->
<testsuite hostname="Veedu" name="com.test.GitHubUsersTest" tests="3" failures="0" timestamp="23 Aug 2016 06:31:05 GMT" time="0.009" errors="0">
  <testcase name="testIsLoginPresent" time="0.003" classname="com.test.GitHubUsersTest"/>
  <testcase name="testIsTypeOrganization" time="0.005" classname="com.test.GitHubUsersTest"/>
  <testcase name="testStatusCode" time="0.001" classname="com.test.GitHubUsersTest"/>
</testsuite> <!-- com.test.GitHubUsersTest -->
