<?xml version="1.0" encoding="UTF-8"?>
<!-- Generated by org.testng.reporters.JUnitReportReporter -->
<testsuite hostname="Veedu" name="com.test.GitHubTest" tests="3" failures="0" timestamp="23 Aug 2016 04:30:38 GMT" time="0.032" errors="0">
  <testcase name="testLoginName" time="0.003" classname="com.test.GitHubTest"/>
  <testcase name="testLoginId" time="0.023" classname="com.test.GitHubTest"/>
  <testcase name="testStatusCode" time="0.006" classname="com.test.GitHubTest"/>
</testsuite> <!-- com.test.GitHubTest -->
