<?xml version="1.0" encoding="UTF-8"?>
<!-- Generated by org.testng.reporters.JUnitReportReporter -->
<testsuite hostname="Veedu" name="com.test.GitHubTest" tests="3" failures="0" timestamp="23 Aug 2016 18:40:39 GMT" time="0.038" errors="0">
  <testcase name="testLoginId" time="0.019" classname="com.test.GitHubTest"/>
  <testcase name="testStatusCode" time="0.014" classname="com.test.GitHubTest"/>
  <testcase name="testLoginName" time="0.005" classname="com.test.GitHubTest"/>
</testsuite> <!-- com.test.GitHubTest -->
