<?xml version="1.0" encoding="UTF-8"?>
<!-- Generated by org.testng.reporters.JUnitReportReporter -->
<testsuite hostname="Veedu" name="com.test.GitHubTest" tests="3" failures="0" timestamp="23 Aug 2016 06:31:05 GMT" time="0.028" errors="0">
  <testcase name="testLoginId" time="0.017" classname="com.test.GitHubTest"/>
  <testcase name="testStatusCode" time="0.004" classname="com.test.GitHubTest"/>
  <testcase name="testLoginName" time="0.007" classname="com.test.GitHubTest"/>
</testsuite> <!-- com.test.GitHubTest -->
