<?xml version="1.0" encoding="UTF-8"?>
<!-- Generated by org.testng.reporters.JUnitReportReporter -->
<testsuite hostname="Veedu" name="com.test.GitHubUsersTest" tests="3" failures="0" timestamp="23 Aug 2016 18:40:39 GMT" time="0.009" errors="0">
  <testcase name="testIsLoginPresent" time="0.006" classname="com.test.GitHubUsersTest"/>
  <testcase name="testIsTypeOrganization" time="0.002" classname="com.test.GitHubUsersTest"/>
  <testcase name="testStatusCode" time="0.001" classname="com.test.GitHubUsersTest"/>
</testsuite> <!-- com.test.GitHubUsersTest -->
